<?xml version="1.0" encoding="utf-8" standalone="no"?>
<!--This file represents the results of running a test suite-->
<test-results name="C:\Users\kchittiprolu\Documents\PracticeProjects\TextFormatApplication\TextFormatApp\TextFormatTestLib\bin\Debug\TextFormatTestLib.dll" total="12" errors="0" failures="0" not-run="0" inconclusive="0" ignored="0" skipped="0" invalid="0" date="2015-07-19" time="17:21:01">
  <environment nunit-version="2.6.4.14350" clr-version="4.0.30319.0" os-version="Microsoft Windows NT 6.1.7601 Service Pack 1" platform="Win32NT" cwd="C:\Users\kchittiprolu\Documents\PracticeProjects\TextFormatApplication\TextFormatApp\TextFormatTestLib\bin\Debug" machine-name="KCHITTIPROLU" user="kchittiprolu" user-domain="CTDI" />
  <culture-info current-culture="en-US" current-uiculture="en-US" />
  <test-suite type="Assembly" name="C:\Users\kchittiprolu\Documents\PracticeProjects\TextFormatApplication\TextFormatApp\TextFormatTestLib\bin\Debug\TextFormatTestLib.dll" executed="True" result="Success" success="True" time="2.529" asserts="0">
    <results>
      <test-suite type="Namespace" name="TextFormatTestLib" executed="True" result="Success" success="True" time="2.522" asserts="0">
        <results>
          <test-suite type="TestFixture" name="FormatOptionsTests" executed="True" result="Success" success="True" time="2.522" asserts="0">
            <results>
              <test-case name="TextFormatTestLib.FormatOptionsTests.TestCapitalizeInput" executed="True" result="Success" success="True" time="0.045" asserts="1" />
              <test-case name="TextFormatTestLib.FormatOptionsTests.TestEachInputLineEndsWithSpecificString" executed="True" result="Success" success="True" time="2.409" asserts="1" />
              <test-case name="TextFormatTestLib.FormatOptionsTests.TestEachInputLineStartsWithSpecificString" executed="True" result="Success" success="True" time="0.001" asserts="1" />
              <test-case name="TextFormatTestLib.FormatOptionsTests.TestIfEmptyStringIsCapitalized" executed="True" result="Success" success="True" time="0.002" asserts="1" />
              <test-case name="TextFormatTestLib.FormatOptionsTests.TestIfNullInputIsCapitalized" executed="True" result="Success" success="True" time="0.000" asserts="1" />
              <test-case name="TextFormatTestLib.FormatOptionsTests.TestIfReturnInputWhenInputIsNull" executed="True" result="Success" success="True" time="0.000" asserts="1" />
              <test-case name="TextFormatTestLib.FormatOptionsTests.TestIfSetInputIsSameAsGetInput" executed="True" result="Success" success="True" time="0.001" asserts="1" />
              <test-case name="TextFormatTestLib.FormatOptionsTests.TestInputIsString" executed="True" result="Success" success="True" time="0.001" asserts="1" />
              <test-case name="TextFormatTestLib.FormatOptionsTests.TestInputIsValid" executed="True" result="Success" success="True" time="0.000" asserts="1" />
              <test-case name="TextFormatTestLib.FormatOptionsTests.TestInputObjectIsNotNull" executed="True" result="Success" success="True" time="0.000" asserts="1" />
              <test-case name="TextFormatTestLib.FormatOptionsTests.TestNumberOfLinesInInput" executed="True" result="Success" success="True" time="0.010" asserts="1" />
              <test-case name="TextFormatTestLib.FormatOptionsTests.TestNumberOfLinesIsZeroIfInputIsNull" executed="True" result="Success" success="True" time="0.000" asserts="1" />
            </results>
          </test-suite>
        </results>
      </test-suite>
    </results>
  </test-suite>
</test-results>